build/app/intermediates/manifest_merge_blame_file/debug/processDebugMainManifest/manifest-merger-blame-debug-report.txt
1<?xml version="1.0" encoding="utf-8"?>
2<manifest xmlns:android="http://schemas.android.com/apk/res/android"
3    package="com.example.test_camera"
4    android:versionCode="1"
5    android:versionName="1.0.0" >
6
7    <uses-sdk
8        android:minSdkVersion="21"
9        android:targetSdkVersion="35" />
10    <!--
11         The INTERNET permission is required for development. Specifically,
12         the Flutter tool needs it to communicate with the running application
13         to allow setting breakpoints, to provide hot reload, etc.
14    -->
15    <uses-permission android:name="android.permission.INTERNET" />
15-->src\debug\AndroidManifest.xml:6:5-66
15-->src\debug\AndroidManifest.xml:6:22-64
16    <uses-permission android:name="android.permission.READ_EXTERNAL_STORAGE" />
16-->src\main\AndroidManifest.xml:4:5-79
16-->src\main\AndroidManifest.xml:4:22-77
17    <uses-permission
17-->src\main\AndroidManifest.xml:5:5-80
18        android:name="android.permission.WRITE_EXTERNAL_STORAGE"
18-->src\main\AndroidManifest.xml:5:22-78
19        android:maxSdkVersion="28" />
19-->[:camera_android_camerax] AndroidManifest.xml:13:9-35
20    <!--
21 Required to query activities that can process text, see:
22         https://developer.android.com/training/package-visibility and
23         https://developer.android.com/reference/android/content/Intent#ACTION_PROCESS_TEXT.
24
25         In particular, this is used by the Flutter engine in io.flutter.plugin.text.ProcessTextPlugin.
26    -->
27    <queries>
27-->src\main\AndroidManifest.xml:44:5-49:15
28        <intent>
28-->src\main\AndroidManifest.xml:45:9-48:18
29            <action android:name="android.intent.action.PROCESS_TEXT" />
29-->src\main\AndroidManifest.xml:46:13-72
29-->src\main\AndroidManifest.xml:46:21-70
30
31            <data android:mimeType="text/plain" />
31-->src\main\AndroidManifest.xml:47:13-50
31-->src\main\AndroidManifest.xml:47:19-48
32        </intent>
33    </queries>
34
35    <uses-feature android:name="android.hardware.camera.any" />
35-->[:camera_android_camerax] AndroidManifest.xml:7:5-64
35-->[:camera_android_camerax] AndroidManifest.xml:7:19-61
36
37    <uses-permission android:name="android.permission.CAMERA" />
37-->[:camera_android_camerax] AndroidManifest.xml:9:5-65
37-->[:camera_android_camerax] AndroidManifest.xml:9:22-62
38    <uses-permission android:name="android.permission.RECORD_AUDIO" />
38-->[:camera_android_camerax] AndroidManifest.xml:10:5-71
38-->[:camera_android_camerax] AndroidManifest.xml:10:22-68
39
40    <permission
40-->[androidx.core:core:1.13.1] AndroidManifest.xml:22:5-24:47
41        android:name="com.example.test_camera.DYNAMIC_RECEIVER_NOT_EXPORTED_PERMISSION"
41-->[androidx.core:core:1.13.1] AndroidManifest.xml:23:9-81
42        android:protectionLevel="signature" />
42-->[androidx.core:core:1.13.1] AndroidManifest.xml:24:9-44
43
44    <uses-permission android:name="com.example.test_camera.DYNAMIC_RECEIVER_NOT_EXPORTED_PERMISSION" />
44-->[androidx.core:core:1.13.1] AndroidManifest.xml:26:5-97
44-->[androidx.core:core:1.13.1] AndroidManifest.xml:26:22-94
45
46    <application
47        android:name="android.app.Application"
48        android:appComponentFactory="androidx.core.app.CoreComponentFactory"
48-->[androidx.core:core:1.13.1] AndroidManifest.xml:28:18-86
49        android:debuggable="true"
50        android:extractNativeLibs="true"
51        android:icon="@mipmap/ic_launcher"
52        android:label="test_camera" >
53        <activity
54            android:name="com.example.test_camera.MainActivity"
55            android:configChanges="orientation|keyboardHidden|keyboard|screenSize|smallestScreenSize|locale|layoutDirection|fontScale|screenLayout|density|uiMode"
56            android:exported="true"
57            android:hardwareAccelerated="true"
58            android:launchMode="singleTop"
59            android:taskAffinity=""
60            android:theme="@style/LaunchTheme"
61            android:windowSoftInputMode="adjustResize" >
62
63            <!--
64                 Specifies an Android theme to apply to this Activity as soon as
65                 the Android process has started. This theme is visible to the user
66                 while the Flutter UI initializes. After that, this theme continues
67                 to determine the Window background behind the Flutter UI.
68            -->
69            <meta-data
70                android:name="io.flutter.embedding.android.NormalTheme"
71                android:resource="@style/NormalTheme" />
72
73            <intent-filter>
74                <action android:name="android.intent.action.MAIN" />
75
76                <category android:name="android.intent.category.LAUNCHER" />
77            </intent-filter>
78        </activity>
79        <!--
80             Don't delete the meta-data below.
81             This is used by the Flutter tool to generate GeneratedPluginRegistrant.java
82        -->
83        <meta-data
84            android:name="flutterEmbedding"
85            android:value="2" />
86
87        <service
87-->[androidx.camera:camera-camera2:1.4.1] AndroidManifest.xml:24:9-33:19
88            android:name="androidx.camera.core.impl.MetadataHolderService"
88-->[androidx.camera:camera-camera2:1.4.1] AndroidManifest.xml:25:13-75
89            android:enabled="false"
89-->[androidx.camera:camera-camera2:1.4.1] AndroidManifest.xml:26:13-36
90            android:exported="false" >
90-->[androidx.camera:camera-camera2:1.4.1] AndroidManifest.xml:27:13-37
91            <meta-data
91-->[androidx.camera:camera-camera2:1.4.1] AndroidManifest.xml:30:13-32:89
92                android:name="androidx.camera.core.impl.MetadataHolderService.DEFAULT_CONFIG_PROVIDER"
92-->[androidx.camera:camera-camera2:1.4.1] AndroidManifest.xml:31:17-103
93                android:value="androidx.camera.camera2.Camera2Config$DefaultProvider" />
93-->[androidx.camera:camera-camera2:1.4.1] AndroidManifest.xml:32:17-86
94        </service>
95
96        <provider
96-->[:image_picker_android] AndroidManifest.xml:9:9-17:20
97            android:name="io.flutter.plugins.imagepicker.ImagePickerFileProvider"
97-->[:image_picker_android] AndroidManifest.xml:10:13-82
98            android:authorities="com.example.test_camera.flutter.image_provider"
98-->[:image_picker_android] AndroidManifest.xml:11:13-74
99            android:exported="false"
99-->[:image_picker_android] AndroidManifest.xml:12:13-37
100            android:grantUriPermissions="true" >
100-->[:image_picker_android] AndroidManifest.xml:13:13-47
101            <meta-data
101-->[:image_picker_android] AndroidManifest.xml:14:13-16:75
102                android:name="android.support.FILE_PROVIDER_PATHS"
102-->[:image_picker_android] AndroidManifest.xml:15:17-67
103                android:resource="@xml/flutter_image_picker_file_paths" />
103-->[:image_picker_android] AndroidManifest.xml:16:17-72
104        </provider> <!-- Trigger Google Play services to install the backported photo picker module. -->
105        <service
105-->[:image_picker_android] AndroidManifest.xml:19:9-31:19
106            android:name="com.google.android.gms.metadata.ModuleDependencies"
106-->[:image_picker_android] AndroidManifest.xml:20:13-78
107            android:enabled="false"
107-->[:image_picker_android] AndroidManifest.xml:21:13-36
108            android:exported="false" >
108-->[:image_picker_android] AndroidManifest.xml:22:13-37
109            <intent-filter>
109-->[:image_picker_android] AndroidManifest.xml:24:13-26:29
110                <action android:name="com.google.android.gms.metadata.MODULE_DEPENDENCIES" />
110-->[:image_picker_android] AndroidManifest.xml:25:17-94
110-->[:image_picker_android] AndroidManifest.xml:25:25-91
111            </intent-filter>
112
113            <meta-data
113-->[:image_picker_android] AndroidManifest.xml:28:13-30:36
114                android:name="photopicker_activity:0:required"
114-->[:image_picker_android] AndroidManifest.xml:29:17-63
115                android:value="" />
115-->[:image_picker_android] AndroidManifest.xml:30:17-33
116        </service>
117
118        <uses-library
118-->[androidx.window:window:1.2.0] AndroidManifest.xml:23:9-25:40
119            android:name="androidx.window.extensions"
119-->[androidx.window:window:1.2.0] AndroidManifest.xml:24:13-54
120            android:required="false" />
120-->[androidx.window:window:1.2.0] AndroidManifest.xml:25:13-37
121        <uses-library
121-->[androidx.window:window:1.2.0] AndroidManifest.xml:26:9-28:40
122            android:name="androidx.window.sidecar"
122-->[androidx.window:window:1.2.0] AndroidManifest.xml:27:13-51
123            android:required="false" />
123-->[androidx.window:window:1.2.0] AndroidManifest.xml:28:13-37
124
125        <provider
125-->[androidx.lifecycle:lifecycle-process:2.7.0] AndroidManifest.xml:24:9-32:20
126            android:name="androidx.startup.InitializationProvider"
126-->[androidx.lifecycle:lifecycle-process:2.7.0] AndroidManifest.xml:25:13-67
127            android:authorities="com.example.test_camera.androidx-startup"
127-->[androidx.lifecycle:lifecycle-process:2.7.0] AndroidManifest.xml:26:13-68
128            android:exported="false" >
128-->[androidx.lifecycle:lifecycle-process:2.7.0] AndroidManifest.xml:27:13-37
129            <meta-data
129-->[androidx.lifecycle:lifecycle-process:2.7.0] AndroidManifest.xml:29:13-31:52
130                android:name="androidx.lifecycle.ProcessLifecycleInitializer"
130-->[androidx.lifecycle:lifecycle-process:2.7.0] AndroidManifest.xml:30:17-78
131                android:value="androidx.startup" />
131-->[androidx.lifecycle:lifecycle-process:2.7.0] AndroidManifest.xml:31:17-49
132            <meta-data
132-->[androidx.profileinstaller:profileinstaller:1.3.1] AndroidManifest.xml:29:13-31:52
133                android:name="androidx.profileinstaller.ProfileInstallerInitializer"
133-->[androidx.profileinstaller:profileinstaller:1.3.1] AndroidManifest.xml:30:17-85
134                android:value="androidx.startup" />
134-->[androidx.profileinstaller:profileinstaller:1.3.1] AndroidManifest.xml:31:17-49
135        </provider>
136
137        <receiver
137-->[androidx.profileinstaller:profileinstaller:1.3.1] AndroidManifest.xml:34:9-52:20
138            android:name="androidx.profileinstaller.ProfileInstallReceiver"
138-->[androidx.profileinstaller:profileinstaller:1.3.1] AndroidManifest.xml:35:13-76
139            android:directBootAware="false"
139-->[androidx.profileinstaller:profileinstaller:1.3.1] AndroidManifest.xml:36:13-44
140            android:enabled="true"
140-->[androidx.profileinstaller:profileinstaller:1.3.1] AndroidManifest.xml:37:13-35
141            android:exported="true"
141-->[androidx.profileinstaller:profileinstaller:1.3.1] AndroidManifest.xml:38:13-36
142            android:permission="android.permission.DUMP" >
142-->[androidx.profileinstaller:profileinstaller:1.3.1] AndroidManifest.xml:39:13-57
143            <intent-filter>
143-->[androidx.profileinstaller:profileinstaller:1.3.1] AndroidManifest.xml:40:13-42:29
144                <action android:name="androidx.profileinstaller.action.INSTALL_PROFILE" />
144-->[androidx.profileinstaller:profileinstaller:1.3.1] AndroidManifest.xml:41:17-91
144-->[androidx.profileinstaller:profileinstaller:1.3.1] AndroidManifest.xml:41:25-88
145            </intent-filter>
146            <intent-filter>
146-->[androidx.profileinstaller:profileinstaller:1.3.1] AndroidManifest.xml:43:13-45:29
147                <action android:name="androidx.profileinstaller.action.SKIP_FILE" />
147-->[androidx.profileinstaller:profileinstaller:1.3.1] AndroidManifest.xml:44:17-85
147-->[androidx.profileinstaller:profileinstaller:1.3.1] AndroidManifest.xml:44:25-82
148            </intent-filter>
149            <intent-filter>
149-->[androidx.profileinstaller:profileinstaller:1.3.1] AndroidManifest.xml:46:13-48:29
150                <action android:name="androidx.profileinstaller.action.SAVE_PROFILE" />
150-->[androidx.profileinstaller:profileinstaller:1.3.1] AndroidManifest.xml:47:17-88
150-->[androidx.profileinstaller:profileinstaller:1.3.1] AndroidManifest.xml:47:25-85
151            </intent-filter>
152            <intent-filter>
152-->[androidx.profileinstaller:profileinstaller:1.3.1] AndroidManifest.xml:49:13-51:29
153                <action android:name="androidx.profileinstaller.action.BENCHMARK_OPERATION" />
153-->[androidx.profileinstaller:profileinstaller:1.3.1] AndroidManifest.xml:50:17-95
153-->[androidx.profileinstaller:profileinstaller:1.3.1] AndroidManifest.xml:50:25-92
154            </intent-filter>
155        </receiver>
156    </application>
157
158</manifest>